2024-11-24 03:22:11,685 - TradingJournalApp - INFO - Starting Trading Journal Application...
2024-11-24 03:22:11,685 - TradingJournalApp - INFO - Loading data from data/example_trades.csv...
2024-11-24 03:22:11,694 - TradingJournalApp - INFO - Analyzing Wyckoff phases...
2024-11-24 03:22:11,698 - TradingJournalApp - INFO - Performing Volume Spread Analysis (VSA)...
2024-11-24 03:22:11,700 - TradingJournalApp - INFO - Visualizing results...
2024-11-24 03:26:25,979 - TradingJournalApp - INFO - Saving processed data to data/processed_trades.csv...
2024-11-24 03:26:25,987 - TradingJournalApp - INFO - Trading Journal Application completed successfully!
2024-11-24 20:55:54,739 - TradingJournalApp - INFO - Starting Trading Journal Application...
2024-11-24 20:55:54,742 - TradingJournalApp - INFO - Loading data from data/example_trades.csv...
2024-11-24 20:55:54,742 - TradingJournalApp - INFO - Analyzing Wyckoff phases...
2024-11-24 20:55:54,742 - TradingJournalApp - INFO - Performing Volume Spread Analysis (VSA)...
2024-11-24 20:55:54,742 - TradingJournalApp - INFO - Visualizing results...
2024-11-24 20:55:54,743 - TradingJournalApp - INFO - Saving processed data to data/processed_trades.csv...
2024-11-24 20:55:54,750 - TradingJournalApp - INFO - Trading Journal Application completed successfully!
2024-11-24 20:58:44,588 - TradingJournalApp - INFO - Starting Trading Journal Application...
2024-11-24 20:58:44,589 - TradingJournalApp - INFO - Loading data from data/example_trades.csv...
2024-11-24 20:58:44,589 - TradingJournalApp - INFO - Analyzing Wyckoff phases...
2024-11-24 20:58:44,589 - TradingJournalApp - INFO - Performing Volume Spread Analysis (VSA)...
2024-11-24 20:58:44,589 - TradingJournalApp - INFO - Visualizing results...
2024-11-24 20:58:44,589 - TradingJournalApp - INFO - Saving processed data to data/processed_trades.csv...
2024-11-24 20:58:44,594 - TradingJournalApp - INFO - Trading Journal Application completed successfully!
2024-11-24 20:58:52,173 - TradingJournalApp - INFO - Starting Trading Journal Application...
2024-11-24 20:58:52,173 - TradingJournalApp - INFO - Loading data from data/example_trades.csv...
2024-11-24 20:58:52,173 - TradingJournalApp - INFO - Analyzing Wyckoff phases...
2024-11-24 20:58:52,173 - TradingJournalApp - INFO - Performing Volume Spread Analysis (VSA)...
2024-11-24 20:58:52,173 - TradingJournalApp - INFO - Visualizing results...
2024-11-24 20:58:52,173 - TradingJournalApp - INFO - Saving processed data to data/processed_trades.csv...
2024-11-24 20:58:52,178 - TradingJournalApp - INFO - Trading Journal Application completed successfully!
2024-11-24 21:01:36,767 - TradingJournalApp - INFO - Starting Trading Journal Application...
2024-11-24 21:01:36,767 - TradingJournalApp - INFO - Loading data from data/example_trades.csv...
2024-11-24 21:01:36,767 - TradingJournalApp - INFO - Analyzing Wyckoff phases...
2024-11-24 21:01:36,768 - TradingJournalApp - INFO - Performing Volume Spread Analysis (VSA)...
2024-11-24 21:01:36,768 - TradingJournalApp - INFO - Visualizing results...
2024-11-24 21:01:36,768 - TradingJournalApp - INFO - Saving processed data to data/processed_trades.csv...
2024-11-24 21:01:36,772 - TradingJournalApp - INFO - Trading Journal Application completed successfully!
2024-11-24 21:03:39,794 - TradingJournalApp - INFO - Starting Trading Journal Application...
2024-11-24 21:03:39,794 - TradingJournalApp - INFO - Loading data from data/example_trades.csv...
2024-11-24 21:03:39,794 - TradingJournalApp - INFO - Analyzing Wyckoff phases...
2024-11-24 21:03:39,794 - TradingJournalApp - INFO - Performing Volume Spread Analysis (VSA)...
2024-11-24 21:03:39,794 - TradingJournalApp - INFO - Visualizing results...
2024-11-24 21:03:39,795 - TradingJournalApp - INFO - Saving processed data to data/processed_trades.csv...
2024-11-24 21:03:39,798 - TradingJournalApp - INFO - Trading Journal Application completed successfully!
2024-11-24 21:06:53,194 - TradingJournalApp - INFO - Starting Trading Journal Application...
2024-11-24 21:06:53,195 - TradingJournalApp - INFO - Loading data from data/example_trades.csv...
2024-11-24 21:06:53,195 - TradingJournalApp - INFO - Analyzing Wyckoff phases...
2024-11-24 21:06:53,195 - TradingJournalApp - INFO - Performing Volume Spread Analysis (VSA)...
2024-11-24 21:06:53,195 - TradingJournalApp - INFO - Visualizing results...
2024-11-24 21:06:53,196 - TradingJournalApp - INFO - Saving processed data to data/processed_trades.csv...
2024-11-24 21:06:53,200 - TradingJournalApp - INFO - Trading Journal Application completed successfully!
2024-11-24 21:12:09,029 - TradingJournalApp - INFO - Starting Trading Journal Application...
2024-11-24 21:12:09,029 - TradingJournalApp - INFO - Loading data from data/example_trades.csv...
2024-11-24 21:12:09,029 - TradingJournalApp - INFO - Analyzing Wyckoff phases...
2024-11-24 21:12:09,030 - TradingJournalApp - INFO - Performing Volume Spread Analysis (VSA)...
2024-11-24 21:12:09,030 - TradingJournalApp - INFO - Visualizing results...
2024-11-24 21:12:09,030 - TradingJournalApp - INFO - Saving processed data to data/processed_trades.csv...
2024-11-24 21:12:09,036 - TradingJournalApp - INFO - Trading Journal Application completed successfully!
2024-11-24 21:13:55,077 - TradingJournalApp - INFO - Starting Trading Journal Application...
2024-11-24 21:13:55,077 - TradingJournalApp - INFO - Loading data from data/example_trades.csv...
2024-11-24 21:13:55,077 - TradingJournalApp - INFO - Analyzing Wyckoff phases...
2024-11-24 21:13:55,078 - TradingJournalApp - INFO - Performing Volume Spread Analysis (VSA)...
2024-11-24 21:13:55,078 - TradingJournalApp - INFO - Visualizing results...
2024-11-24 21:13:55,078 - TradingJournalApp - INFO - Saving processed data to data/processed_trades.csv...
2024-11-24 21:13:55,084 - TradingJournalApp - INFO - Trading Journal Application completed successfully!
2024-11-24 21:14:04,574 - TradingJournalApp - INFO - Starting Trading Journal Application...
2024-11-24 21:14:04,574 - TradingJournalApp - INFO - Loading data from data/example_trades.csv...
2024-11-24 21:14:04,574 - TradingJournalApp - INFO - Analyzing Wyckoff phases...
2024-11-24 21:14:04,574 - TradingJournalApp - INFO - Performing Volume Spread Analysis (VSA)...
2024-11-24 21:14:04,574 - TradingJournalApp - INFO - Visualizing results...
2024-11-24 21:14:04,575 - TradingJournalApp - INFO - Saving processed data to data/processed_trades.csv...
2024-11-24 21:14:04,579 - TradingJournalApp - INFO - Trading Journal Application completed successfully!
2024-11-24 22:18:19,568 - TradingJournalApp - INFO - Starting Trading Journal Application...
2024-11-24 22:18:19,569 - TradingJournalApp - INFO - Loading data from data/example_trades.csv...
2024-11-24 22:18:19,569 - TradingJournalApp - INFO - Analyzing Wyckoff phases...
2024-11-24 22:18:19,569 - TradingJournalApp - INFO - Performing Volume Spread Analysis (VSA)...
2024-11-24 22:18:19,569 - TradingJournalApp - INFO - Visualizing results...
2024-11-24 22:18:19,570 - TradingJournalApp - INFO - Saving processed data to data/processed_trades.csv...
2024-11-24 22:18:19,579 - TradingJournalApp - INFO - Trading Journal Application completed successfully!
2024-11-24 22:32:54,460 - TradingJournalApp - INFO - Starting Trading Journal Application...
2024-11-24 22:32:54,461 - TradingJournalApp - INFO - Loading data from data/example_trades.csv...
2024-11-24 22:32:54,461 - TradingJournalApp - INFO - Analyzing Wyckoff phases...
2024-11-24 22:32:54,461 - TradingJournalApp - INFO - Performing Volume Spread Analysis (VSA)...
2024-11-24 22:32:54,461 - TradingJournalApp - INFO - Visualizing results...
2024-11-24 22:32:54,461 - TradingJournalApp - INFO - Saving processed data to data/processed_trades.csv...
2024-11-24 22:32:54,470 - TradingJournalApp - INFO - Trading Journal Application completed successfully!
2024-11-24 23:25:03,732 - TradingJournalApp - INFO - Starting Trading Journal Application...
2024-11-24 23:25:03,733 - TradingJournalApp - INFO - Loading data from data/example_trades.csv...
2024-11-24 23:25:03,770 - TradingJournalApp - INFO - Analyzing Wyckoff phases...
2024-11-24 23:25:03,788 - TradingJournalApp - INFO - Performing Volume Spread Analysis (VSA)...
2024-11-24 23:25:03,791 - TradingJournalApp - INFO - Calculating perfomance metrics...
2024-11-24 23:25:03,803 - TradingJournalApp - INFO - Visualizing results...
2024-11-24 23:29:07,583 - TradingJournalApp - INFO - Saving processed data to data/processed_trades.csv...
2024-11-24 23:29:07,591 - TradingJournalApp - INFO - Trading Journal Application completed successfully!
2024-11-25 02:25:59,630 - TradingJournalApp - INFO - Starting Trading Journal Application...
2024-11-25 02:25:59,631 - TradingJournalApp - INFO - Loading data from data/example_trades.csv...
2024-11-25 02:25:59,631 - TradingJournalApp - INFO - Analyzing Wyckoff phases...
2024-11-25 02:25:59,631 - TradingJournalApp - INFO - Performing Volume Spread Analysis (VSA)...
2024-11-25 02:25:59,631 - TradingJournalApp - INFO - Calculating perfomance metrics...
2024-11-25 02:25:59,635 - TradingJournalApp - INFO - Visualizing results...
2024-11-25 02:25:59,636 - TradingJournalApp - INFO - Saving processed data to data/processed_trades.csv...
2024-11-25 02:25:59,642 - TradingJournalApp - INFO - Trading Journal Application completed successfully!
2024-11-25 02:26:32,353 - TradingJournalApp - INFO - Starting Trading Journal Application...
2024-11-25 02:26:32,353 - TradingJournalApp - INFO - Loading data from data/example_trades.csv...
2024-11-25 02:26:32,354 - TradingJournalApp - INFO - Analyzing Wyckoff phases...
2024-11-25 02:26:32,354 - TradingJournalApp - INFO - Performing Volume Spread Analysis (VSA)...
2024-11-25 02:26:32,354 - TradingJournalApp - INFO - Calculating perfomance metrics...
2024-11-25 02:26:32,357 - TradingJournalApp - INFO - Visualizing results...
2024-11-25 02:26:32,358 - TradingJournalApp - INFO - Saving processed data to data/processed_trades.csv...
2024-11-25 02:26:32,361 - TradingJournalApp - INFO - Trading Journal Application completed successfully!
2024-11-25 02:28:18,974 - TradingJournalApp - INFO - Starting Trading Journal Application...
2024-11-25 02:28:18,974 - TradingJournalApp - INFO - Loading data from data/example_trades.csv...
2024-11-25 02:28:18,975 - TradingJournalApp - INFO - Analyzing Wyckoff phases...
2024-11-25 02:28:18,975 - TradingJournalApp - INFO - Performing Volume Spread Analysis (VSA)...
2024-11-25 02:28:18,975 - TradingJournalApp - INFO - Calculating perfomance metrics...
2024-11-25 02:28:18,979 - TradingJournalApp - INFO - Visualizing results...
2024-11-25 02:28:18,979 - TradingJournalApp - INFO - Saving processed data to data/processed_trades.csv...
2024-11-25 02:28:18,983 - TradingJournalApp - INFO - Trading Journal Application completed successfully!
2024-11-25 02:37:06,588 - TradingJournalApp - INFO - Starting Trading Journal Application...
2024-11-25 02:37:06,588 - TradingJournalApp - INFO - Loading data from data/example_trades.csv...
2024-11-25 02:37:06,588 - TradingJournalApp - INFO - Analyzing Wyckoff phases...
2024-11-25 02:37:06,589 - TradingJournalApp - INFO - Performing Volume Spread Analysis (VSA)...
2024-11-25 02:37:06,589 - TradingJournalApp - INFO - Calculating perfomance metrics...
2024-11-25 02:37:06,593 - TradingJournalApp - INFO - Visualizing results...
2024-11-25 02:37:06,593 - TradingJournalApp - INFO - Saving processed data to data/processed_trades.csv...
2024-11-25 02:37:06,597 - TradingJournalApp - INFO - Trading Journal Application completed successfully!
2024-11-25 02:40:10,344 - TradingJournalApp - INFO - Starting Trading Journal Application...
2024-11-25 02:40:10,345 - TradingJournalApp - INFO - Loading data from data/example_trades.csv...
2024-11-25 02:40:10,345 - TradingJournalApp - INFO - Analyzing Wyckoff phases...
2024-11-25 02:40:10,345 - TradingJournalApp - INFO - Performing Volume Spread Analysis (VSA)...
2024-11-25 02:40:10,345 - TradingJournalApp - INFO - Calculating perfomance metrics...
2024-11-25 02:40:10,349 - TradingJournalApp - INFO - Visualizing results...
2024-11-25 02:40:10,350 - TradingJournalApp - INFO - Saving processed data to data/processed_trades.csv...
2024-11-25 02:40:10,353 - TradingJournalApp - INFO - Trading Journal Application completed successfully!
2024-11-25 02:55:54,933 - TradingJournalApp - INFO - Starting Trading Journal Application...
2024-11-25 02:55:54,933 - TradingJournalApp - INFO - Loading data from data/example_trades.csv...
2024-11-25 02:55:54,934 - TradingJournalApp - INFO - Analyzing Wyckoff phases...
2024-11-25 02:55:54,934 - TradingJournalApp - INFO - Performing Volume Spread Analysis (VSA)...
2024-11-25 02:55:54,934 - TradingJournalApp - INFO - Calculating perfomance metrics...
2024-11-25 02:55:54,938 - TradingJournalApp - INFO - Visualizing results...
2024-11-25 02:55:54,939 - TradingJournalApp - INFO - Saving processed data to data/processed_trades.csv...
2024-11-25 02:55:54,942 - TradingJournalApp - INFO - Trading Journal Application completed successfully!
